Performing C++ SOURCE FILE Test CMAKE_HAVE_LIBC_PTHREAD failed with the following output:
Change Dir: /home/dmytro/globallogic/weather/Weather/CMakeFiles/CMakeTmp

Run Build Command(s):/usr/bin/make -f Makefile cmTC_f88b4/fast && /usr/bin/make  -f CMakeFiles/cmTC_f88b4.dir/build.make CMakeFiles/cmTC_f88b4.dir/build
make[1]: вход в каталог «/home/dmytro/globallogic/weather/Weather/CMakeFiles/CMakeTmp»
Building CXX object CMakeFiles/cmTC_f88b4.dir/src.cxx.o
/usr/bin/c++ -DCMAKE_HAVE_LIBC_PTHREAD   -o CMakeFiles/cmTC_f88b4.dir/src.cxx.o -c /home/dmytro/globallogic/weather/Weather/CMakeFiles/CMakeTmp/src.cxx
Linking CXX executable cmTC_f88b4
/snap/cmake/1000/bin/cmake -E cmake_link_script CMakeFiles/cmTC_f88b4.dir/link.txt --verbose=1
/usr/bin/c++ -rdynamic CMakeFiles/cmTC_f88b4.dir/src.cxx.o -o cmTC_f88b4 
/usr/bin/ld: CMakeFiles/cmTC_f88b4.dir/src.cxx.o: в функции «main»:
src.cxx:(.text+0x46): неопределённая ссылка на «pthread_create»
/usr/bin/ld: src.cxx:(.text+0x52): неопределённая ссылка на «pthread_detach»
/usr/bin/ld: src.cxx:(.text+0x5e): неопределённая ссылка на «pthread_cancel»
/usr/bin/ld: src.cxx:(.text+0x6f): неопределённая ссылка на «pthread_join»
collect2: error: ld returned 1 exit status
make[1]: *** [CMakeFiles/cmTC_f88b4.dir/build.make:99: cmTC_f88b4] Ошибка 1
make[1]: выход из каталога «/home/dmytro/globallogic/weather/Weather/CMakeFiles/CMakeTmp»
make: *** [Makefile:127: cmTC_f88b4/fast] Ошибка 2


Source file was:
#include <pthread.h>

static void* test_func(void* data)
{
  return data;
}

int main(void)
{
  pthread_t thread;
  pthread_create(&thread, NULL, test_func, NULL);
  pthread_detach(thread);
  pthread_cancel(thread);
  pthread_join(thread, NULL);
  pthread_atfork(NULL, NULL, NULL);
  pthread_exit(NULL);

  return 0;
}

Determining if the function pthread_create exists in the pthreads failed with the following output:
Change Dir: /home/dmytro/globallogic/weather/Weather/CMakeFiles/CMakeTmp

Run Build Command(s):/usr/bin/make -f Makefile cmTC_1e20a/fast && /usr/bin/make  -f CMakeFiles/cmTC_1e20a.dir/build.make CMakeFiles/cmTC_1e20a.dir/build
make[1]: вход в каталог «/home/dmytro/globallogic/weather/Weather/CMakeFiles/CMakeTmp»
Building CXX object CMakeFiles/cmTC_1e20a.dir/CheckFunctionExists.cxx.o
/usr/bin/c++   -DCHECK_FUNCTION_EXISTS=pthread_create -o CMakeFiles/cmTC_1e20a.dir/CheckFunctionExists.cxx.o -c /home/dmytro/globallogic/weather/Weather/CMakeFiles/CheckLibraryExists/CheckFunctionExists.cxx
Linking CXX executable cmTC_1e20a
/snap/cmake/1000/bin/cmake -E cmake_link_script CMakeFiles/cmTC_1e20a.dir/link.txt --verbose=1
/usr/bin/c++  -DCHECK_FUNCTION_EXISTS=pthread_create -rdynamic CMakeFiles/cmTC_1e20a.dir/CheckFunctionExists.cxx.o -o cmTC_1e20a  -lpthreads 
/usr/bin/ld: невозможно найти -lpthreads
collect2: error: ld returned 1 exit status
make[1]: *** [CMakeFiles/cmTC_1e20a.dir/build.make:99: cmTC_1e20a] Ошибка 1
make[1]: выход из каталога «/home/dmytro/globallogic/weather/Weather/CMakeFiles/CMakeTmp»
make: *** [Makefile:127: cmTC_1e20a/fast] Ошибка 2



